Using pre-set license
Built from '2020.3/staging' branch; Version is '2020.3.0f1 (c7b5465681fb) revision 13088070'; Using compiler version '192528614'; Build Type 'Release'
OS: 'Windows 10 Pro; OS build 19042.867; Version 2009; 64bit' Language: 'en' Physical Memory: 16320 MB
BatchMode: 1, IsHumanControllingUs: 0, StartBugReporterOnCrash: 0, Is64bit: 1, IsPro: 0

 COMMAND LINE ARGUMENTS:
C:\Program Files\Unity\Hub\Editor\2020.3.0f1\Editor\Unity.exe
-adb2
-batchMode
-noUpm
-name
AssetImportWorker0
-projectPath
A:/Omer/Documents/Create with Code/Skills 1
-logFile
Logs/AssetImportWorker0.log
-srvPort
53926
Successfully changed project path to: A:/Omer/Documents/Create with Code/Skills 1
A:/Omer/Documents/Create with Code/Skills 1
Using Asset Import Pipeline V2.
Refreshing native plugins compatible for Editor in 22.81 ms, found 0 plugins.
Preloading 0 native plugins for Editor in 0.00 ms.
Initialize engine version: 2020.3.0f1 (c7b5465681fb)
[Subsystems] Discovering subsystems at path C:/Program Files/Unity/Hub/Editor/2020.3.0f1/Editor/Data/Resources/UnitySubsystems
[Subsystems] Discovering subsystems at path A:/Omer/Documents/Create with Code/Skills 1/Assets
GfxDevice: creating device client; threaded=0
Direct3D:
    Version:  Direct3D 11.0 [level 11.1]
    Renderer: NVIDIA GeForce GTX 1070 (ID=0x1b81)
    Vendor:   
    VRAM:     8088 MB
    Driver:   27.21.14.6192
Initialize mono
Mono path[0] = 'C:/Program Files/Unity/Hub/Editor/2020.3.0f1/Editor/Data/Managed'
Mono path[1] = 'C:/Program Files/Unity/Hub/Editor/2020.3.0f1/Editor/Data/MonoBleedingEdge/lib/mono/unityjit'
Mono config path = 'C:/Program Files/Unity/Hub/Editor/2020.3.0f1/Editor/Data/MonoBleedingEdge/etc'
Using monoOptions --debugger-agent=transport=dt_socket,embedding=1,server=y,suspend=n,address=127.0.0.1:56276
Begin MonoManager ReloadAssembly
Registering precompiled unity dll's ...
Register platform support module: C:/Program Files/Unity/Hub/Editor/2020.3.0f1/Editor/Data/PlaybackEngines/WindowsStandaloneSupport/UnityEditor.WindowsStandalone.Extensions.dll
Registered in 0.002584 seconds.
Native extension for WindowsStandalone target not found
Refreshing native plugins compatible for Editor in 23.30 ms, found 0 plugins.
Preloading 0 native plugins for Editor in 0.00 ms.
Invoked RoslynAnalysisRunner static constructor.
RoslynAnalysisRunner will not be running.
RoslynAnalysisRunner has terminated.
Mono: successfully reloaded assembly
- Completed reload, in  1.189 seconds
Platform modules already initialized, skipping
Registering precompiled user dll's ...
Registered in 0.000663 seconds.
Begin MonoManager ReloadAssembly
Native extension for WindowsStandalone target not found
Refreshing native plugins compatible for Editor in 0.21 ms, found 0 plugins.
Preloading 0 native plugins for Editor in 0.00 ms.
Invoked RoslynAnalysisRunner static constructor.
RoslynAnalysisRunner will not be running.
RoslynAnalysisRunner has terminated.
Mono: successfully reloaded assembly
- Completed reload, in  0.900 seconds
Platform modules already initialized, skipping
========================================================================
Worker process is ready to serve import requests
Launched and connected shader compiler UnityShaderCompiler.exe after 0.05 seconds
Refreshing native plugins compatible for Editor in 0.21 ms, found 0 plugins.
Preloading 0 native plugins for Editor in 0.00 ms.
Unloading 1113 Unused Serialized files (Serialized files now loaded: 0)
System memory in use before: 69.3 MB.
System memory in use after: 69.3 MB.

Unloading 10 unused Assets to reduce memory usage. Loaded Objects now: 1577.
Total: 1.753800 ms (FindLiveObjects: 0.183300 ms CreateObjectMapping: 0.029600 ms MarkObjects: 1.450700 ms  DeleteObjects: 0.089200 ms)

========================================================================
Received Import Request.
  path: Assets/TerrainData_70bd8493-a467-46cb-8793-c2112bb10ec1.asset
  artifactKey: Guid(0ea89a6f3e1e3b045bd9e617dfe80780) Importer(815301076,1909f56bfc062723c751e8b465ee728b)
Start importing Assets/TerrainData_70bd8493-a467-46cb-8793-c2112bb10ec1.asset using Guid(0ea89a6f3e1e3b045bd9e617dfe80780) Importer(815301076,1909f56bfc062723c751e8b465ee728b)  -> (artifact id: 'd3c791373b5d89b45b0216d88a73d140') in 0.034521 seconds
  Import took 0.036483 seconds .

========================================================================
Received Import Request.
  Time since last request: 2.349097 seconds.
  path: Assets/Tree.prefab
  artifactKey: Guid(853435438bcb6ea49a5ba6882f098793) Importer(815301076,1909f56bfc062723c751e8b465ee728b)
Start importing Assets/Tree.prefab using Guid(853435438bcb6ea49a5ba6882f098793) Importer(815301076,1909f56bfc062723c751e8b465ee728b)  -> (artifact id: '44aef2e773706bae7c022d952f07fff2') in 0.268060 seconds
  Import took 0.270109 seconds .

========================================================================
Received Import Request.
  Time since last request: 1.218948 seconds.
  path: Assets/TerrainData_50faff9c-2a05-41c0-8dbf-11fdf63788f8.asset
  artifactKey: Guid(ade69736a755f4d498694d8cc568ad95) Importer(815301076,1909f56bfc062723c751e8b465ee728b)
Start importing Assets/TerrainData_50faff9c-2a05-41c0-8dbf-11fdf63788f8.asset using Guid(ade69736a755f4d498694d8cc568ad95) Importer(815301076,1909f56bfc062723c751e8b465ee728b)  -> (artifact id: 'fd493d806f03d24fc2938268feaa7997') in 0.011633 seconds
  Import took 0.013571 seconds .

========================================================================
Received Import Request.
  Time since last request: 1.579715 seconds.
  path: Assets/New Terrain.asset
  artifactKey: Guid(805bf65099c55754a93f356b7f8e4d9f) Importer(815301076,1909f56bfc062723c751e8b465ee728b)
Start importing Assets/New Terrain.asset using Guid(805bf65099c55754a93f356b7f8e4d9f) Importer(815301076,1909f56bfc062723c751e8b465ee728b)  -> (artifact id: 'bc0b71960b44f6049f2589ccfe6f43cd') in 0.011283 seconds
  Import took 0.013217 seconds .

========================================================================
Received Import Request.
  Time since last request: 4.156297 seconds.
  path: Assets/Scenes
  artifactKey: Guid(a65cd058ab616a54abf0f1bf3de14e50) Importer(815301076,1909f56bfc062723c751e8b465ee728b)
Start importing Assets/Scenes using Guid(a65cd058ab616a54abf0f1bf3de14e50) Importer(815301076,1909f56bfc062723c751e8b465ee728b)  -> (artifact id: 'af778ef455e536be19483ea5edd2f4ef') in 0.006867 seconds
  Import took 0.008731 seconds .

AssetImportWorkerClient::OnTransportError - code=2 error=End of file
